<?xml version="1.0" encoding="UTF-8" standalone="no"?><testsuite errors="1" failures="0" name="Verify Login API with unsupported request method" skipped="0" tests="1" time="0.52" timestamp="2025-02-13 09:06:18"><testcase name="User sends a DELETE request to the login verification API"><error message="Could not find a matching constructor for class class interactions.DeletePetition with parameters [/verifyLogin, null]" type="java.lang.IllegalArgumentException">Could not find a matching constructor for class class interactions.DeletePetition with parameters [/verifyLogin, null]</error><system-err>Could not find a matching constructor for class class interactions.DeletePetition with parameters [/verifyLogin, null]&#13;
</system-err></testcase></testsuite>